<?xml version="1.0" encoding="UTF-8"?>
<!-- Generated by org.testng.reporters.JUnitReportReporter -->
<testsuite skipped="0" hostname="Gawhari" name="tests.TestNGConcepts" tests="15" failures="0" timestamp="08 Jul 2020 00:27:40 GMT" time="0.029" errors="0">
  <testcase name="dashboard" time="0.008" classname="tests.TestNGConcepts"/>
  <testcase name="checkTitle" time="0.002" classname="tests.TestNGConcepts"/>
  <testcase name="checkTitle" time="0.001" classname="tests.TestNGConcepts"/>
  <testcase name="checkTitle" time="0.001" classname="tests.TestNGConcepts"/>
  <testcase name="checkTitle" time="0.001" classname="tests.TestNGConcepts"/>
  <testcase name="logout" time="0.000" classname="tests.TestNGConcepts"/>
  <testcase name="signIn" time="0.003" classname="tests.TestNGConcepts"/>
  <testcase name="checkTitle" time="0.002" classname="tests.TestNGConcepts"/>
  <testcase name="checkTitle" time="0.002" classname="tests.TestNGConcepts"/>
  <testcase name="checkTitle" time="0.003" classname="tests.TestNGConcepts"/>
  <testcase name="homePage" time="0.002" classname="tests.TestNGConcepts"/>
  <testcase name="checkTitle" time="0.001" classname="tests.TestNGConcepts"/>
  <testcase name="customerPage" time="0.001" classname="tests.TestNGConcepts"/>
  <testcase name="checkTitle" time="0.001" classname="tests.TestNGConcepts"/>
  <testcase name="checkTitle" time="0.001" classname="tests.TestNGConcepts"/>
</testsuite> <!-- tests.TestNGConcepts -->
